Determining if the pthread_create exist failed with the following output:
Change Dir: /home/enrina/Desktop/laby/lab-08-asio-client/cmake-build-debug/CMakeFiles/CMakeTmp

Run Build Command(s):/usr/bin/make cmTC_2db9e/fast 
/usr/bin/make -f CMakeFiles/cmTC_2db9e.dir/build.make CMakeFiles/cmTC_2db9e.dir/build
make[1]: вход в каталог «/home/enrina/Desktop/laby/lab-08-asio-client/cmake-build-debug/CMakeFiles/CMakeTmp»
Building C object CMakeFiles/cmTC_2db9e.dir/CheckSymbolExists.c.o
/usr/bin/cc    -o CMakeFiles/cmTC_2db9e.dir/CheckSymbolExists.c.o   -c /home/enrina/Desktop/laby/lab-08-asio-client/cmake-build-debug/CMakeFiles/CMakeTmp/CheckSymbolExists.c
Linking C executable cmTC_2db9e
/home/enrina/Documents/clion-2019.2.2/bin/cmake/linux/bin/cmake -E cmake_link_script CMakeFiles/cmTC_2db9e.dir/link.txt --verbose=1
/usr/bin/cc      CMakeFiles/cmTC_2db9e.dir/CheckSymbolExists.c.o  -o cmTC_2db9e 
CMakeFiles/cmTC_2db9e.dir/CheckSymbolExists.c.o: In function `main':
CheckSymbolExists.c:(.text+0x1b): undefined reference to `pthread_create'
collect2: error: ld returned 1 exit status
CMakeFiles/cmTC_2db9e.dir/build.make:86: recipe for target 'cmTC_2db9e' failed
make[1]: *** [cmTC_2db9e] Error 1
make[1]: выход из каталога «/home/enrina/Desktop/laby/lab-08-asio-client/cmake-build-debug/CMakeFiles/CMakeTmp»
Makefile:121: recipe for target 'cmTC_2db9e/fast' failed
make: *** [cmTC_2db9e/fast] Error 2

File /home/enrina/Desktop/laby/lab-08-asio-client/cmake-build-debug/CMakeFiles/CMakeTmp/CheckSymbolExists.c:
/* */
#include <pthread.h>

int main(int argc, char** argv)
{
  (void)argv;
#ifndef pthread_create
  return ((int*)(&pthread_create))[argc];
#else
  (void)argc;
  return 0;
#endif
}

Determining if the function pthread_create exists in the pthreads failed with the following output:
Change Dir: /home/enrina/Desktop/laby/lab-08-asio-client/cmake-build-debug/CMakeFiles/CMakeTmp

Run Build Command(s):/usr/bin/make cmTC_0d82a/fast 
/usr/bin/make -f CMakeFiles/cmTC_0d82a.dir/build.make CMakeFiles/cmTC_0d82a.dir/build
make[1]: вход в каталог «/home/enrina/Desktop/laby/lab-08-asio-client/cmake-build-debug/CMakeFiles/CMakeTmp»
Building C object CMakeFiles/cmTC_0d82a.dir/CheckFunctionExists.c.o
/usr/bin/cc   -DCHECK_FUNCTION_EXISTS=pthread_create   -o CMakeFiles/cmTC_0d82a.dir/CheckFunctionExists.c.o   -c /home/enrina/Documents/clion-2019.2.2/bin/cmake/linux/share/cmake-3.14/Modules/CheckFunctionExists.c
Linking C executable cmTC_0d82a
/home/enrina/Documents/clion-2019.2.2/bin/cmake/linux/bin/cmake -E cmake_link_script CMakeFiles/cmTC_0d82a.dir/link.txt --verbose=1
/usr/bin/cc  -DCHECK_FUNCTION_EXISTS=pthread_create    CMakeFiles/cmTC_0d82a.dir/CheckFunctionExists.c.o  -o cmTC_0d82a -lpthreads 
/usr/bin/ld: cannot find -lpthreads
collect2: error: ld returned 1 exit status
CMakeFiles/cmTC_0d82a.dir/build.make:86: recipe for target 'cmTC_0d82a' failed
make[1]: *** [cmTC_0d82a] Error 1
make[1]: выход из каталога «/home/enrina/Desktop/laby/lab-08-asio-client/cmake-build-debug/CMakeFiles/CMakeTmp»
Makefile:121: recipe for target 'cmTC_0d82a/fast' failed
make: *** [cmTC_0d82a/fast] Error 2


